This file contains any messages produced by compilers while
running configure, to aid debugging if configure makes a mistake.

It was created by amq configure 0.1.0, which was
generated by GNU Autoconf 2.69.  Invocation command line was

  $ ./configure --no-create --no-recursion

## --------- ##
## Platform. ##
## --------- ##

hostname = MacBook-Pro
uname -m = x86_64
uname -r = 16.7.0
uname -s = Darwin
uname -v = Darwin Kernel Version 16.7.0: Thu Jun 15 17:36:27 PDT 2017; root:xnu-3789.70.16~2/RELEASE_X86_64

/usr/bin/uname -p = i386
/bin/uname -X     = unknown

/bin/arch              = unknown
/usr/bin/arch -k       = unknown
/usr/convex/getsysinfo = unknown
/usr/bin/hostinfo      = Mach kernel version:
	 Darwin Kernel Version 16.7.0: Thu Jun 15 17:36:27 PDT 2017; root:xnu-3789.70.16~2/RELEASE_X86_64
Kernel configured for up to 8 processors.
4 processors are physically available.
8 processors are logically available.
Processor type: i486 (Intel 80486)
Processors active: 0 1 2 3 4 5 6 7
Primary memory available: 8.00 gigabytes
Default processor set: 319 tasks, 1754 threads, 8 processors
Load average: 3.26, Mach factor: 4.72
/bin/machine           = unknown
/usr/bin/oslevel       = unknown
/bin/universe          = unknown

PATH: /Users/ade/.rvm/gems/ruby-2.3.0/bin
PATH: /Users/ade/.rvm/gems/ruby-2.3.0@global/bin
PATH: /Users/ade/.rvm/rubies/ruby-2.3.0/bin
PATH: /Users/ade/.nvm/versions/node/v4.4.1/bin
PATH: /usr/local/bin
PATH: /usr/bin
PATH: /bin
PATH: /usr/sbin
PATH: /sbin
PATH: /opt/X11/bin
PATH: /usr/local/share/dotnet
PATH: /Users/ade/.rvm/bin
PATH: /Users/ade/.bin


## ----------- ##
## Core tests. ##
## ----------- ##

configure:1838: checking for a BSD-compatible install
configure:1906: result: /usr/local/bin/ginstall -c
configure:1917: checking whether build environment is sane
configure:1972: result: yes
configure:2123: checking for a thread-safe mkdir -p
configure:2162: result: /usr/local/bin/gmkdir -p
configure:2169: checking for gawk
configure:2199: result: no
configure:2169: checking for mawk
configure:2199: result: no
configure:2169: checking for nawk
configure:2199: result: no
configure:2169: checking for awk
configure:2185: found /usr/bin/awk
configure:2196: result: awk
configure:2207: checking whether make sets $(MAKE)
configure:2229: result: yes
configure:2258: checking whether make supports nested variables
configure:2275: result: yes
configure:2460: checking for g++
configure:2476: found /usr/bin/g++
configure:2487: result: g++
configure:2514: checking for C++ compiler version
configure:2523: g++ --version >&5
Apple LLVM version 9.0.0 (clang-900.0.37)
Target: x86_64-apple-darwin16.7.0
Thread model: posix
InstalledDir: /Applications/Xcode.app/Contents/Developer/Toolchains/XcodeDefault.xctoolchain/usr/bin
Configured with: --prefix=/Applications/Xcode.app/Contents/Developer/usr --with-gxx-include-dir=/usr/include/c++/4.2.1
configure:2534: $? = 0
configure:2523: g++ -v >&5
Configured with: --prefix=/Applications/Xcode.app/Contents/Developer/usr --with-gxx-include-dir=/usr/include/c++/4.2.1
Apple LLVM version 9.0.0 (clang-900.0.37)
Target: x86_64-apple-darwin16.7.0
Thread model: posix
InstalledDir: /Applications/Xcode.app/Contents/Developer/Toolchains/XcodeDefault.xctoolchain/usr/bin
configure:2534: $? = 0
configure:2523: g++ -V >&5
clang: error: argument to '-V' is missing (expected 1 value)
clang: error: no input files
configure:2534: $? = 1
configure:2523: g++ -qversion >&5
clang: error: unknown argument: '-qversion'
clang: error: no input files
configure:2534: $? = 1
configure:2554: checking whether the C++ compiler works
configure:2576: g++    conftest.cpp  >&5
configure:2580: $? = 0
configure:2628: result: yes
configure:2631: checking for C++ compiler default output file name
configure:2633: result: a.out
configure:2639: checking for suffix of executables
configure:2646: g++ -o conftest    conftest.cpp  >&5
configure:2650: $? = 0
configure:2672: result: 
configure:2694: checking whether we are cross compiling
configure:2702: g++ -o conftest    conftest.cpp  >&5
configure:2706: $? = 0
configure:2713: ./conftest
configure:2717: $? = 0
configure:2732: result: no
configure:2737: checking for suffix of object files
configure:2759: g++ -c   conftest.cpp >&5
configure:2763: $? = 0
configure:2784: result: o
configure:2788: checking whether we are using the GNU C++ compiler
configure:2807: g++ -c   conftest.cpp >&5
configure:2807: $? = 0
configure:2816: result: yes
configure:2825: checking whether g++ accepts -g
configure:2845: g++ -c -g  conftest.cpp >&5
configure:2845: $? = 0
configure:2886: result: yes
configure:2920: checking for style of include used by make
configure:2948: result: GNU
configure:2974: checking dependency style of g++
configure:3085: result: gcc3
configure:3143: checking for ranlib
configure:3159: found /usr/bin/ranlib
configure:3170: result: ranlib
configure:3334: checking that generated files are newer than configure
configure:3340: result: done
configure:3367: creating ./config.status

## ---------------- ##
## Cache variables. ##
## ---------------- ##

ac_cv_cxx_compiler_gnu=yes
ac_cv_env_CCC_set=
ac_cv_env_CCC_value=
ac_cv_env_CPPFLAGS_set=
ac_cv_env_CPPFLAGS_value=
ac_cv_env_CXXFLAGS_set=
ac_cv_env_CXXFLAGS_value=
ac_cv_env_CXX_set=
ac_cv_env_CXX_value=
ac_cv_env_LDFLAGS_set=
ac_cv_env_LDFLAGS_value=
ac_cv_env_LIBS_set=
ac_cv_env_LIBS_value=
ac_cv_env_build_alias_set=
ac_cv_env_build_alias_value=
ac_cv_env_host_alias_set=
ac_cv_env_host_alias_value=
ac_cv_env_target_alias_set=
ac_cv_env_target_alias_value=
ac_cv_objext=o
ac_cv_path_install='/usr/local/bin/ginstall -c'
ac_cv_path_mkdir=/usr/local/bin/gmkdir
ac_cv_prog_AWK=awk
ac_cv_prog_ac_ct_CXX=g++
ac_cv_prog_ac_ct_RANLIB=ranlib
ac_cv_prog_cxx_g=yes
ac_cv_prog_make_make_set=yes
am_cv_CXX_dependencies_compiler_type=gcc3
am_cv_make_support_nested_variables=yes

## ----------------- ##
## Output variables. ##
## ----------------- ##

ACLOCAL='${SHELL} /Users/ade/dev/cpp/AMessageQueue/missing aclocal-1.15'
AMDEPBACKSLASH='\'
AMDEP_FALSE='#'
AMDEP_TRUE=''
AMTAR='$${TAR-tar}'
AM_BACKSLASH='\'
AM_DEFAULT_V='$(AM_DEFAULT_VERBOSITY)'
AM_DEFAULT_VERBOSITY='1'
AM_V='$(V)'
AUTOCONF='${SHELL} /Users/ade/dev/cpp/AMessageQueue/missing autoconf'
AUTOHEADER='${SHELL} /Users/ade/dev/cpp/AMessageQueue/missing autoheader'
AUTOMAKE='${SHELL} /Users/ade/dev/cpp/AMessageQueue/missing automake-1.15'
AWK='awk'
CPPFLAGS=''
CXX='g++'
CXXDEPMODE='depmode=gcc3'
CXXFLAGS='-g -O2 -std=c++0x'
CYGPATH_W='echo'
DEBUG_FALSE=''
DEBUG_TRUE='#'
DEFS='-DHAVE_CONFIG_H'
DEPDIR='.deps'
ECHO_C='\c'
ECHO_N=''
ECHO_T=''
EXEEXT=''
INSTALL_DATA='${INSTALL} -m 644'
INSTALL_PROGRAM='${INSTALL}'
INSTALL_SCRIPT='${INSTALL}'
INSTALL_STRIP_PROGRAM='$(install_sh) -c -s'
LDFLAGS=''
LIBOBJS=''
LIBS=''
LTLIBOBJS=''
MAKEINFO='${SHELL} /Users/ade/dev/cpp/AMessageQueue/missing makeinfo'
MKDIR_P='/usr/local/bin/gmkdir -p'
OBJEXT='o'
PACKAGE='amq'
PACKAGE_BUGREPORT='bug-report@2polygon.com'
PACKAGE_NAME='amq'
PACKAGE_STRING='amq 0.1.0'
PACKAGE_TARNAME='amq'
PACKAGE_URL=''
PACKAGE_VERSION='0.1.0'
PATH_SEPARATOR=':'
RANLIB='ranlib'
SET_MAKE=''
SHELL='/bin/sh'
STRIP=''
VERSION='0.1.0'
ac_ct_CXX='g++'
am__EXEEXT_FALSE=''
am__EXEEXT_TRUE='#'
am__fastdepCXX_FALSE='#'
am__fastdepCXX_TRUE=''
am__include='include'
am__isrc=''
am__leading_dot='.'
am__nodep='_no'
am__quote=''
am__tar='$${TAR-tar} chof - "$$tardir"'
am__untar='$${TAR-tar} xf -'
bindir='${exec_prefix}/bin'
build_alias=''
datadir='${datarootdir}'
datarootdir='${prefix}/share'
docdir='${datarootdir}/doc/${PACKAGE_TARNAME}'
dvidir='${docdir}'
exec_prefix='${prefix}'
host_alias=''
htmldir='${docdir}'
includedir='${prefix}/include'
infodir='${datarootdir}/info'
install_sh='${SHELL} /Users/ade/dev/cpp/AMessageQueue/install-sh'
libdir='${exec_prefix}/lib'
libexecdir='${exec_prefix}/libexec'
localedir='${datarootdir}/locale'
localstatedir='${prefix}/var'
mandir='${datarootdir}/man'
mkdir_p='$(MKDIR_P)'
oldincludedir='/usr/include'
pdfdir='${docdir}'
prefix='/usr/local'
program_transform_name='s,x,x,'
psdir='${docdir}'
sbindir='${exec_prefix}/sbin'
sharedstatedir='${prefix}/com'
sysconfdir='${prefix}/etc'
target_alias=''

## ----------- ##
## confdefs.h. ##
## ----------- ##

/* confdefs.h */
#define PACKAGE_NAME "amq"
#define PACKAGE_TARNAME "amq"
#define PACKAGE_VERSION "0.1.0"
#define PACKAGE_STRING "amq 0.1.0"
#define PACKAGE_BUGREPORT "bug-report@2polygon.com"
#define PACKAGE_URL ""
#define PACKAGE "amq"
#define VERSION "0.1.0"

configure: exit 0

## ---------------------- ##
## Running config.status. ##
## ---------------------- ##

This file was extended by amq config.status 0.1.0, which was
generated by GNU Autoconf 2.69.  Invocation command line was

  CONFIG_FILES    = 
  CONFIG_HEADERS  = 
  CONFIG_LINKS    = 
  CONFIG_COMMANDS = 
  $ ./config.status 

on MacBook-Pro

config.status:848: creating Makefile
config.status:848: creating src/Makefile
config.status:848: creating Tests/Makefile
config.status:848: creating Tests/dummy/Makefile
config.status:848: creating Tests/server/Makefile
config.status:848: creating Tests/client/Makefile
config.status:848: creating Tests/timer/Makefile
config.status:848: creating config.h
config.status:1029: config.h is unchanged
config.status:1077: executing depfiles commands

## ---------------------- ##
## Running config.status. ##
## ---------------------- ##

This file was extended by amq config.status 0.1.0, which was
generated by GNU Autoconf 2.69.  Invocation command line was

  CONFIG_FILES    = 
  CONFIG_HEADERS  = 
  CONFIG_LINKS    = 
  CONFIG_COMMANDS = 
  $ ./config.status config.h

on MacBook-Pro

config.status:848: creating config.h
config.status:1029: config.h is unchanged

## ---------------------- ##
## Running config.status. ##
## ---------------------- ##

This file was extended by amq config.status 0.1.0, which was
generated by GNU Autoconf 2.69.  Invocation command line was

  CONFIG_FILES    = 
  CONFIG_HEADERS  = 
  CONFIG_LINKS    = 
  CONFIG_COMMANDS = 
  $ ./config.status Tests/dummy/Makefile depfiles

on MacBook-Pro

config.status:848: creating Tests/dummy/Makefile
config.status:1077: executing depfiles commands

## ---------------------- ##
## Running config.status. ##
## ---------------------- ##

This file was extended by amq config.status 0.1.0, which was
generated by GNU Autoconf 2.69.  Invocation command line was

  CONFIG_FILES    = 
  CONFIG_HEADERS  = 
  CONFIG_LINKS    = 
  CONFIG_COMMANDS = 
  $ ./config.status Makefile

on MacBook-Pro

config.status:848: creating Makefile

## ---------------------- ##
## Running config.status. ##
## ---------------------- ##

This file was extended by amq config.status 0.1.0, which was
generated by GNU Autoconf 2.69.  Invocation command line was

  CONFIG_FILES    = 
  CONFIG_HEADERS  = 
  CONFIG_LINKS    = 
  CONFIG_COMMANDS = 
  $ ./config.status Makefile

on MacBook-Pro

config.status:848: creating Makefile

## ---------------------- ##
## Running config.status. ##
## ---------------------- ##

This file was extended by amq config.status 0.1.0, which was
generated by GNU Autoconf 2.69.  Invocation command line was

  CONFIG_FILES    = 
  CONFIG_HEADERS  = 
  CONFIG_LINKS    = 
  CONFIG_COMMANDS = 
  $ ./config.status Tests/dummy/Makefile depfiles

on MacBook-Pro

config.status:848: creating Tests/dummy/Makefile
config.status:1077: executing depfiles commands

## ---------------------- ##
## Running config.status. ##
## ---------------------- ##

This file was extended by amq config.status 0.1.0, which was
generated by GNU Autoconf 2.69.  Invocation command line was

  CONFIG_FILES    = 
  CONFIG_HEADERS  = 
  CONFIG_LINKS    = 
  CONFIG_COMMANDS = 
  $ ./config.status Makefile

on MacBook-Pro

config.status:848: creating Makefile
